SF:lib\telas\tela_inicial.dart
DA:10,2
DA:12,1
DA:13,1
DA:19,1
DA:21,1
DA:22,2
DA:23,4
DA:26,1
DA:28,3
DA:29,1
DA:32,1
DA:34,1
DA:35,1
DA:38,1
DA:39,2
DA:40,1
DA:42,2
DA:43,1
DA:46,1
DA:50,1
DA:51,1
DA:52,0
DA:53,0
DA:55,0
DA:60,0
DA:62,0
DA:63,0
DA:64,0
DA:66,0
DA:67,0
DA:68,0
DA:69,0
DA:72,0
DA:75,0
DA:77,0
DA:79,0
DA:80,0
DA:81,0
DA:89,1
DA:94,0
DA:95,0
DA:97,0
DA:99,0
DA:101,0
DA:102,0
DA:103,0
DA:104,0
DA:113,0
DA:114,0
DA:116,0
DA:118,0
DA:119,0
DA:121,0
DA:122,0
DA:123,0
DA:126,0
DA:127,0
DA:128,0
DA:129,0
DA:132,0
DA:133,0
DA:134,0
DA:135,0
DA:136,0
DA:147,1
DA:148,1
DA:149,0
DA:150,0
DA:151,0
DA:159,0
DA:160,0
DA:162,0
DA:163,0
DA:164,0
DA:165,0
DA:167,0
DA:169,0
LF:77
LH:24
end_of_record
SF:lib\modelo\atividade.dart
DA:7,0
DA:9,0
DA:11,0
LF:3
LH:0
end_of_record
SF:lib\banco_dados\app_banco_dados.dart
DA:5,1
DA:6,2
DA:7,0
DA:8,0
LF:4
LH:2
end_of_record
SF:lib\banco_dados\dao\atividade_dao.dart
DA:18,0
DA:19,0
DA:20,0
DA:21,0
DA:24,1
DA:25,2
DA:26,0
DA:27,0
DA:31,0
DA:32,0
DA:33,0
DA:34,0
DA:35,0
DA:38,0
DA:39,0
DA:40,0
DA:43,0
DA:44,0
DA:45,0
DA:46,0
DA:47,0
DA:51,0
DA:52,0
DA:53,0
DA:54,0
DA:55,0
DA:56,0
DA:57,0
DA:58,0
DA:60,0
LF:30
LH:2
end_of_record
SF:lib\blocs\atividade_bloc.dart
DA:16,1
DA:17,2
DA:19,1
DA:20,2
DA:22,1
DA:23,4
DA:26,1
DA:27,1
DA:28,1
DA:29,3
DA:30,0
DA:31,0
DA:32,0
DA:33,0
DA:34,0
DA:35,0
DA:36,0
DA:37,0
DA:38,0
DA:40,0
LF:20
LH:10
end_of_record
SF:lib\blocs\atividade_estado.dart
DA:6,0
DA:10,0
DA:14,0
LF:3
LH:0
end_of_record
SF:lib\blocs\atividade_evento.dart
DA:10,0
DA:16,0
DA:22,0
LF:3
LH:0
end_of_record
SF:lib\telas\editar_atividade.dart
DA:11,0
DA:12,0
DA:14,0
DA:17,0
DA:19,0
DA:21,0
DA:22,0
DA:23,0
DA:25,0
DA:26,0
DA:27,0
DA:34,0
DA:40,0
DA:47,0
DA:49,0
DA:51,0
DA:53,0
DA:54,0
DA:55,0
DA:56,0
DA:57,0
DA:58,0
DA:59,0
DA:60,0
DA:61,0
DA:62,0
DA:65,0
LF:27
LH:0
end_of_record
SF:lib\telas\form_descricao.dart
DA:9,0
DA:11,0
DA:12,0
DA:19,0
DA:21,0
DA:22,0
DA:25,0
DA:27,0
DA:28,0
DA:29,0
DA:30,0
DA:35,0
DA:36,0
DA:41,0
DA:48,0
DA:49,0
DA:51,0
DA:53,0
DA:54,0
DA:55,0
DA:56,0
DA:57,0
DA:59,0
DA:60,0
DA:61,0
DA:62,0
DA:65,0
LF:27
LH:0
end_of_record
